0 info it worked if it ends with ok
1 verbose cli [
1 verbose cli   '/Users/ar/.nvm/versions/node/v12.14.1/bin/node',
1 verbose cli   '/Users/ar/projects/popular/node_modules/.bin/npm',
1 verbose cli   'run',
1 verbose cli   'dev'
1 verbose cli ]
2 info using npm@2.15.12
3 info using node@v12.14.1
4 verbose run-script [ 'predev', 'dev', 'postdev' ]
5 info predev @
6 info dev @
7 verbose unsafe-perm in lifecycle true
8 info @ Failed to exec dev script
9 verbose stack Error: @ dev: `next`
9 verbose stack Exit status 1
9 verbose stack     at EventEmitter.<anonymous> (/Users/ar/projects/popular/node_modules/npm/lib/utils/lifecycle.js:217:16)
9 verbose stack     at EventEmitter.emit (events.js:223:5)
9 verbose stack     at ChildProcess.<anonymous> (/Users/ar/projects/popular/node_modules/npm/lib/utils/spawn.js:24:14)
9 verbose stack     at ChildProcess.emit (events.js:223:5)
9 verbose stack     at maybeClose (internal/child_process.js:1021:16)
9 verbose stack     at Process.ChildProcess._handle.onexit (internal/child_process.js:283:5)
10 verbose pkgid @
11 verbose cwd /Users/ar/projects/popular
12 error Darwin 16.7.0
13 error argv "/Users/ar/.nvm/versions/node/v12.14.1/bin/node" "/Users/ar/projects/popular/node_modules/.bin/npm" "run" "dev"
14 error node v12.14.1
15 error npm  v2.15.12
16 error code ELIFECYCLE
17 error @ dev: `next`
17 error Exit status 1
18 error Failed at the @ dev script 'next'.
18 error This is most likely a problem with the  package,
18 error not with npm itself.
18 error Tell the author that this fails on your system:
18 error     next
18 error You can get information on how to open an issue for this project with:
18 error     npm bugs
18 error Or if that isn't available, you can get their info via:
18 error
18 error     npm owner ls
18 error There is likely additional logging output above.
19 verbose exit [ 1, true ]
